<?xml version="1.0" encoding="UTF-8"?>
<!-- Generated by org.testng.reporters.JUnitXMLReporter -->
<testsuite ignored="0" hostname="DESKTOP-3591MT1" failures="1" tests="1" name="E2E-TestRun" time="8.202" errors="0" timestamp="2024-03-12T11:57:02 IST">
  <testcase classname="io.cucumber.testng.AbstractTestNGCucumberTests" name="runScenario" time="6.302">
    <failure type="java.lang.NullPointerException" message="Cannot invoke &amp;quot;String.equals(Object)&amp;quot; because the return value of &amp;quot;java.lang.System.getProperty(String)&amp;quot; is null">
      <![CDATA[java.lang.NullPointerException: Cannot invoke "String.equals(Object)" because the return value of "java.lang.System.getProperty(String)" is null
at com.test.channelplay.utils.GetProperty.getValueForEnv(GetProperty.java:32)
at com.test.channelplay.utils.GetProperty.value(GetProperty.java:20)
at com.test.channelplay.stepDefinition.CustomerTransStepsProd.afterLoginToCrmUserWillBeOnTheCustomerPageUnderCRM(CustomerTransStepsProd.java:28)
at ✽.after login to crm user will be on the Customer page under CRM(file:///C:/Users/MD%20Taufik/Documents/GitHub/ProdAsstiveAutomationPortal/src/test/resources/com/test/channelplay/feature/CustomerTrans_AUT10&7.feature:6)
]]>
    </failure>
  </testcase> <!-- runScenario -->
</testsuite> <!-- E2E-TestRun -->
