<?xml version="1.0" encoding="UTF-8"?>
<testng-results ignored="0" total="2" passed="0" failed="2" skipped="0">
  <reporter-output>
  </reporter-output>
  <suite started-at="2024-03-12T11:56:53 IST" name="1channel Automation" finished-at="2024-03-12T11:57:08 IST" duration-ms="14998">
    <groups>
      <group name="cucumber">
        <method signature="AbstractTestNGCucumberTests.runScenario(io.cucumber.testng.PickleWrapper, io.cucumber.testng.FeatureWrapper)[pri:0, instance:com.test.channelplay.RunCucumberTest@45efd90f]" name="runScenario" class="io.cucumber.testng.AbstractTestNGCucumberTests"/>
        <method signature="AbstractTestNGCucumberTests.runScenario(io.cucumber.testng.PickleWrapper, io.cucumber.testng.FeatureWrapper)[pri:0, instance:com.test.channelplay.ReRunCucumberTest@47c81abf]" name="runScenario" class="io.cucumber.testng.AbstractTestNGCucumberTests"/>
      </group> <!-- cucumber -->
    </groups>
    <test started-at="2024-03-12T11:56:53 IST" name="E2E-TestRun" finished-at="2024-03-12T11:57:02 IST" duration-ms="8202">
      <class name="com.test.channelplay.RunCucumberTest">
        <test-method is-config="true" signature="setUpClass()[pri:0, instance:com.test.channelplay.RunCucumberTest@45efd90f]" started-at="2024-03-12T11:56:53 IST" name="setUpClass" finished-at="2024-03-12T11:56:55 IST" duration-ms="1103" status="PASS">
          <reporter-output>
          </reporter-output>
        </test-method> <!-- setUpClass -->
        <test-method signature="runScenario(io.cucumber.testng.PickleWrapper, io.cucumber.testng.FeatureWrapper)[pri:0, instance:com.test.channelplay.RunCucumberTest@45efd90f]" started-at="2024-03-12T11:56:55 IST" name="runScenario" description="Runs Cucumber Scenarios" data-provider="scenarios" finished-at="2024-03-12T11:57:01 IST" duration-ms="6302" status="FAIL">
          <params>
            <param index="0">
              <value>
                <![CDATA["Add customer with all fields"]]>
              </value>
            </param>
            <param index="1">
              <value>
                <![CDATA["Optional[Add a new Customer with Save and Add New Customer functionality]"]]>
              </value>
            </param>
          </params>
          <exception class="java.lang.NullPointerException">
            <message>
              <![CDATA[Cannot invoke "String.equals(Object)" because the return value of "java.lang.System.getProperty(String)" is null]]>
            </message>
            <full-stacktrace>
              <![CDATA[java.lang.NullPointerException: Cannot invoke "String.equals(Object)" because the return value of "java.lang.System.getProperty(String)" is null
at com.test.channelplay.utils.GetProperty.getValueForEnv(GetProperty.java:32)
at com.test.channelplay.utils.GetProperty.value(GetProperty.java:20)
at com.test.channelplay.stepDefinition.CustomerTransStepsProd.afterLoginToCrmUserWillBeOnTheCustomerPageUnderCRM(CustomerTransStepsProd.java:28)
at ✽.after login to crm user will be on the Customer page under CRM(file:///C:/Users/MD%20Taufik/Documents/GitHub/ProdAsstiveAutomationPortal/src/test/resources/com/test/channelplay/feature/CustomerTrans_AUT10&7.feature:6)
]]>
            </full-stacktrace>
          </exception> <!-- java.lang.NullPointerException -->
          <reporter-output>
          </reporter-output>
        </test-method> <!-- runScenario -->
        <test-method is-config="true" signature="tearDownClass()[pri:0, instance:com.test.channelplay.RunCucumberTest@45efd90f]" started-at="2024-03-12T11:57:01 IST" name="tearDownClass" finished-at="2024-03-12T11:57:02 IST" duration-ms="679" status="PASS">
          <reporter-output>
          </reporter-output>
        </test-method> <!-- tearDownClass -->
      </class> <!-- com.test.channelplay.RunCucumberTest -->
    </test> <!-- E2E-TestRun -->
    <test started-at="2024-03-12T11:57:04 IST" name="E2E-ReRun" finished-at="2024-03-12T11:57:08 IST" duration-ms="4047">
      <class name="com.test.channelplay.ReRunCucumberTest">
        <test-method is-config="true" signature="setUpClass()[pri:0, instance:com.test.channelplay.ReRunCucumberTest@47c81abf]" started-at="2024-03-12T11:57:04 IST" name="setUpClass" finished-at="2024-03-12T11:57:05 IST" duration-ms="111" status="PASS">
          <reporter-output>
          </reporter-output>
        </test-method> <!-- setUpClass -->
        <test-method signature="runScenario(io.cucumber.testng.PickleWrapper, io.cucumber.testng.FeatureWrapper)[pri:0, instance:com.test.channelplay.ReRunCucumberTest@47c81abf]" started-at="2024-03-12T11:57:05 IST" name="runScenario" description="Runs Cucumber Scenarios" data-provider="scenarios" finished-at="2024-03-12T11:57:08 IST" duration-ms="3861" status="FAIL">
          <params>
            <param index="0">
              <value>
                <![CDATA["Add customer with all fields"]]>
              </value>
            </param>
            <param index="1">
              <value>
                <![CDATA["Optional[Add a new Customer with Save and Add New Customer functionality]"]]>
              </value>
            </param>
          </params>
          <exception class="java.lang.NullPointerException">
            <message>
              <![CDATA[Cannot invoke "String.equals(Object)" because the return value of "java.lang.System.getProperty(String)" is null]]>
            </message>
            <full-stacktrace>
              <![CDATA[java.lang.NullPointerException: Cannot invoke "String.equals(Object)" because the return value of "java.lang.System.getProperty(String)" is null
at com.test.channelplay.utils.GetProperty.getValueForEnv(GetProperty.java:32)
at com.test.channelplay.utils.GetProperty.value(GetProperty.java:20)
at com.test.channelplay.stepDefinition.CustomerTransStepsProd.afterLoginToCrmUserWillBeOnTheCustomerPageUnderCRM(CustomerTransStepsProd.java:28)
at ✽.after login to crm user will be on the Customer page under CRM(file:///C:/Users/MD%20Taufik/Documents/GitHub/ProdAsstiveAutomationPortal/src/test/resources/com/test/channelplay/feature/CustomerTrans_AUT10&7.feature:6)
]]>
            </full-stacktrace>
          </exception> <!-- java.lang.NullPointerException -->
          <reporter-output>
          </reporter-output>
        </test-method> <!-- runScenario -->
        <test-method is-config="true" signature="tearDownClass()[pri:0, instance:com.test.channelplay.ReRunCucumberTest@47c81abf]" started-at="2024-03-12T11:57:08 IST" name="tearDownClass" finished-at="2024-03-12T11:57:08 IST" duration-ms="64" status="PASS">
          <reporter-output>
          </reporter-output>
        </test-method> <!-- tearDownClass -->
      </class> <!-- com.test.channelplay.ReRunCucumberTest -->
    </test> <!-- E2E-ReRun -->
  </suite> <!-- 1channel Automation -->
</testng-results>
