<?xml version="1.0" encoding="UTF-8"?>
<testsuite xmlns:xsi="http://www.w3.org/2001/XMLSchema-instance" xsi:noNamespaceSchemaLocation="https://maven.apache.org/surefire/maven-surefire-plugin/xsd/surefire-test-report-3.0.xsd" version="3.0" name="TestSuite" time="16.789" tests="2" errors="0" skipped="0" failures="2">
  <properties>
[...]
</properties>
  <testcase name="runScenario[&quot;Add customer with all fields&quot;, &quot;Optional[Add a new Customer with Save and Add New Customer functionality]&quot;](1)" classname="com.test.channelplay.RunCucumberTest" time="6.358">
    <failure message="Cannot invoke &quot;String.equals(Object)&quot; because the return value of &quot;java.lang.System.getProperty(String)&quot; is null" type="java.lang.NullPointerException"><![CDATA[java.lang.NullPointerException: Cannot invoke "String.equals(Object)" because the return value of "java.lang.System.getProperty(String)" is null
]]></failure>
    <system-out><![CDATA[
@AUT10 @Scenario1
Scenario: Add customer with all fields                                 # src/test/resources/com/test/channelplay/feature/CustomerTrans_AUT10&7.feature:10
Getting the Driver information
  Given after login to crm user will be on the Customer page under CRM # com.test.channelplay.stepDefinition.CustomerTransStepsProd.afterLoginToCrmUserWillBeOnTheCustomerPageUnderCRM()
      java.lang.NullPointerException: Cannot invoke "String.equals(Object)" because the return value of "java.lang.System.getProperty(String)" is null
	at com.test.channelplay.utils.GetProperty.getValueForEnv(GetProperty.java:32)
	at com.test.channelplay.utils.GetProperty.value(GetProperty.java:20)
	at com.test.channelplay.stepDefinition.CustomerTransStepsProd.afterLoginToCrmUserWillBeOnTheCustomerPageUnderCRM(CustomerTransStepsProd.java:28)
	at âœ½.after login to crm user will be on the Customer page under CRM(file:///C:/Users/MD%20Taufik/Documents/GitHub/ProdAsstiveAutomationPortal/src/test/resources/com/test/channelplay/feature/CustomerTrans_AUT10&7.feature:6)

  And user select CRM and Click on Customer                            # com.test.channelplay.stepDefinition.CustomerTransStepsProd.userSelectCRMAndClickOnCustomer()
  When User Click on Add button                                        # com.test.channelplay.stepDefinition.CustomerTransStepsProd.userClickOnAddButton()
  And user Enter Customer Name                                         # com.test.channelplay.stepDefinition.CustomerTransStepsProd.userEnterCustomerName()
  And user select CustomerType dropdown and click first option         # com.test.channelplay.stepDefinition.CustomerTransStepsProd.userSelectCustomerTypeDropdownAndClickFirstOption()
  And user enter address                                               # com.test.channelplay.stepDefinition.CustomerTransStepsProd.userEnterAddress()
  And user select Country                                              # com.test.channelplay.stepDefinition.CustomerTransStepsProd.userSelectCountry()
  And user select State                                                # com.test.channelplay.stepDefinition.CustomerTransStepsProd.userSelectState()
  And user select City                                                 # com.test.channelplay.stepDefinition.CustomerTransStepsProd.userSelectCity()
  And user upload photo                                                # com.test.channelplay.stepDefinition.CustomerTransStepsProd.userUploadPhoto()
  And user enter phone number                                          # com.test.channelplay.stepDefinition.CustomerTransStepsProd.userEnterPhoneNumber()
  And user select timezone dropdown and click on first option          # com.test.channelplay.stepDefinition.CustomerTransStepsProd.userSelectTimezoneDropdownAndClickOnFirstOption()
  And user click calender button and click select current date         # com.test.channelplay.stepDefinition.CustomerTransStepsProd.userClickCalenderButtonAndClickSelectCurrentDate()
  And user enter email                                                 # com.test.channelplay.stepDefinition.CustomerTransStepsProd.userEnterEmail()
  And user upload document docs,pdf,ppt.xlsx                           # com.test.channelplay.stepDefinition.CustomerTransStepsProd.userUploadDocumentDocsPdfPptXlsx()
  And user upload video mpfour,mpg                                     # com.test.channelplay.stepDefinition.CustomerTransStepsProd.userUploadVideoMpfourMpg()
  And user select select gender and click first option                 # com.test.channelplay.stepDefinition.CustomerTransStepsProd.userSelectSelectGenderAndClickFirstOption()
  And user click save button                                           # com.test.channelplay.stepDefinition.CustomerTransStepsProd.userClickSaveButton()
  Then customer will added successfully with active status             # com.test.channelplay.stepDefinition.CustomerTransStepsProd.customerWillAddedSuccessfullyWithActiveStatus()

    Embedding Screenshot [image/png 8145 bytes]


    Test page: data:,


    Test Browser: chrome

]]></system-out>
    <system-err><![CDATA[SLF4J(W): No SLF4J providers were found.
SLF4J(W): Defaulting to no-operation (NOP) logger implementation
SLF4J(W): See https://www.slf4j.org/codes.html#noProviders for further details.
Starting ChromeDriver 122.0.6261.111 (9d4c1072da62b411b351a38b9ed6214ab236aa7b-refs/branch-heads/6261@{#1015}) on port 5179
Only local connections are allowed.
Please see https://chromedriver.chromium.org/security-considerations for suggestions on keeping ChromeDriver safe.
ChromeDriver was started successfully.
Mar 12, 2024 11:56:59 AM org.openqa.selenium.remote.ProtocolHandshake createSession
INFO: Detected dialect: W3C
Mar 12, 2024 11:56:59 AM org.openqa.selenium.remote.http.WebSocket$Listener onError
WARNING: Invalid Status code=403 text=Forbidden
java.io.IOException: Invalid Status code=403 text=Forbidden
	at org.asynchttpclient.netty.handler.WebSocketHandler.abort(WebSocketHandler.java:92)
	at org.asynchttpclient.netty.handler.WebSocketHandler.handleRead(WebSocketHandler.java:118)
	at org.asynchttpclient.netty.handler.AsyncHttpClientHandler.channelRead(AsyncHttpClientHandler.java:78)
	at io.netty.channel.AbstractChannelHandlerContext.invokeChannelRead(AbstractChannelHandlerContext.java:379)
	at io.netty.channel.AbstractChannelHandlerContext.invokeChannelRead(AbstractChannelHandlerContext.java:365)
	at io.netty.channel.AbstractChannelHandlerContext.fireChannelRead(AbstractChannelHandlerContext.java:357)
	at io.netty.channel.CombinedChannelDuplexHandler$DelegatingChannelHandlerContext.fireChannelRead(CombinedChannelDuplexHandler.java:436)
	at io.netty.handler.codec.ByteToMessageDecoder.fireChannelRead(ByteToMessageDecoder.java:324)
	at io.netty.handler.codec.ByteToMessageDecoder.fireChannelRead(ByteToMessageDecoder.java:311)
	at io.netty.handler.codec.ByteToMessageDecoder.callDecode(ByteToMessageDecoder.java:425)
	at io.netty.handler.codec.ByteToMessageDecoder.channelRead(ByteToMessageDecoder.java:276)
	at io.netty.channel.CombinedChannelDuplexHandler.channelRead(CombinedChannelDuplexHandler.java:251)
	at io.netty.channel.AbstractChannelHandlerContext.invokeChannelRead(AbstractChannelHandlerContext.java:379)
	at io.netty.channel.AbstractChannelHandlerContext.invokeChannelRead(AbstractChannelHandlerContext.java:365)
	at io.netty.channel.AbstractChannelHandlerContext.fireChannelRead(AbstractChannelHandlerContext.java:357)
	at io.netty.channel.DefaultChannelPipeline$HeadContext.channelRead(DefaultChannelPipeline.java:1410)
	at io.netty.channel.AbstractChannelHandlerContext.invokeChannelRead(AbstractChannelHandlerContext.java:379)
	at io.netty.channel.AbstractChannelHandlerContext.invokeChannelRead(AbstractChannelHandlerContext.java:365)
	at io.netty.channel.DefaultChannelPipeline.fireChannelRead(DefaultChannelPipeline.java:919)
	at io.netty.channel.nio.AbstractNioByteChannel$NioByteUnsafe.read(AbstractNioByteChannel.java:166)
	at io.netty.channel.nio.NioEventLoop.processSelectedKey(NioEventLoop.java:714)
	at io.netty.channel.nio.NioEventLoop.processSelectedKeysOptimized(NioEventLoop.java:650)
	at io.netty.channel.nio.NioEventLoop.processSelectedKeys(NioEventLoop.java:576)
	at io.netty.channel.nio.NioEventLoop.run(NioEventLoop.java:493)
	at io.netty.util.concurrent.SingleThreadEventExecutor$4.run(SingleThreadEventExecutor.java:989)
	at io.netty.util.internal.ThreadExecutorMap$2.run(ThreadExecutorMap.java:74)
	at io.netty.util.concurrent.FastThreadLocalRunnable.run(FastThreadLocalRunnable.java:30)
	at java.base/java.lang.Thread.run(Thread.java:831)

Mar 12, 2024 11:56:59 AM org.openqa.selenium.chromium.ChromiumDevToolsLocator getChromeConnector
WARNING: Unable to create CDP connection
org.openqa.selenium.remote.http.ConnectionFailedException: Unable to establish websocket connection to http://localhost:60004/devtools/browser/d680c8de-e12b-4c21-86e1-abe71256a8c6
Build info: version: '4.0.0-alpha-7', revision: 'de8579b6d5'
System info: host: 'DESKTOP-3591MT1', ip: '192.168.101.5', os.name: 'Windows 10', os.arch: 'amd64', os.version: '10.0', java.version: '16.0.2'
Driver info: driver.version: ChromeDriver
	at org.openqa.selenium.remote.http.netty.NettyWebSocket.<init>(NettyWebSocket.java:98)
	at org.openqa.selenium.remote.http.netty.NettyWebSocket.lambda$create$3(NettyWebSocket.java:126)
	at org.openqa.selenium.remote.http.netty.NettyClient.openSocket(NettyClient.java:68)
	at org.openqa.selenium.devtools.Connection.<init>(Connection.java:69)
	at org.openqa.selenium.chromium.ChromiumDevToolsLocator.lambda$getChromeConnector$1(ChromiumDevToolsLocator.java:115)
	at java.base/java.util.Optional.map(Optional.java:260)
	at org.openqa.selenium.chromium.ChromiumDevToolsLocator.getChromeConnector(ChromiumDevToolsLocator.java:113)
	at org.openqa.selenium.chromium.ChromiumDriver.<init>(ChromiumDriver.java:100)
	at org.openqa.selenium.chrome.ChromeDriver.<init>(ChromeDriver.java:163)
	at org.openqa.selenium.chrome.ChromeDriver.<init>(ChromeDriver.java:150)
	at org.openqa.selenium.chrome.ChromeDriver.<init>(ChromeDriver.java:139)
	at com.test.channelplay.utils.DriverBase.initialize(DriverBase.java:34)
	at com.test.channelplay.stepDefinition.Hooks.driverSetup(Hooks.java:23)
	at java.base/jdk.internal.reflect.NativeMethodAccessorImpl.invoke0(Native Method)
	at java.base/jdk.internal.reflect.NativeMethodAccessorImpl.invoke(NativeMethodAccessorImpl.java:78)
	at java.base/jdk.internal.reflect.DelegatingMethodAccessorImpl.invoke(DelegatingMethodAccessorImpl.java:43)
	at java.base/java.lang.reflect.Method.invoke(Method.java:567)
	at io.cucumber.java.Invoker.doInvoke(Invoker.java:66)
	at io.cucumber.java.Invoker.invoke(Invoker.java:24)
	at io.cucumber.java.AbstractGlueDefinition.invokeMethod(AbstractGlueDefinition.java:47)
	at io.cucumber.java.JavaHookDefinition.execute(JavaHookDefinition.java:59)
	at io.cucumber.core.runner.CoreHookDefinition.execute(CoreHookDefinition.java:46)
	at io.cucumber.core.runner.HookDefinitionMatch.runStep(HookDefinitionMatch.java:21)
	at io.cucumber.core.runner.ExecutionMode$1.execute(ExecutionMode.java:10)
	at io.cucumber.core.runner.TestStep.executeStep(TestStep.java:92)
	at io.cucumber.core.runner.TestStep.run(TestStep.java:64)
	at io.cucumber.core.runner.TestCase.run(TestCase.java:98)
	at io.cucumber.core.runner.Runner.runPickle(Runner.java:71)
	at io.cucumber.testng.TestNGCucumberRunner.lambda$runScenario$0(TestNGCucumberRunner.java:116)
	at io.cucumber.core.runtime.CucumberExecutionContext.runTestCase(CucumberExecutionContext.java:117)
	at io.cucumber.testng.TestNGCucumberRunner.runScenario(TestNGCucumberRunner.java:113)
	at io.cucumber.testng.AbstractTestNGCucumberTests.runScenario(AbstractTestNGCucumberTests.java:31)
	at java.base/jdk.internal.reflect.NativeMethodAccessorImpl.invoke0(Native Method)
	at java.base/jdk.internal.reflect.NativeMethodAccessorImpl.invoke(NativeMethodAccessorImpl.java:78)
	at java.base/jdk.internal.reflect.DelegatingMethodAccessorImpl.invoke(DelegatingMethodAccessorImpl.java:43)
	at java.base/java.lang.reflect.Method.invoke(Method.java:567)
	at org.testng.internal.MethodInvocationHelper.invokeMethod(MethodInvocationHelper.java:132)
	at org.testng.internal.TestInvoker.invokeMethod(TestInvoker.java:599)
	at org.testng.internal.TestInvoker.invokeTestMethod(TestInvoker.java:174)
	at org.testng.internal.TestMethodWithDataProviderMethodWorker.call(TestMethodWithDataProviderMethodWorker.java:77)
	at org.testng.internal.TestMethodWithDataProviderMethodWorker.call(TestMethodWithDataProviderMethodWorker.java:15)
	at java.base/java.util.concurrent.FutureTask.run(FutureTask.java:264)
	at java.base/java.util.concurrent.Executors$RunnableAdapter.call(Executors.java:515)
	at java.base/java.util.concurrent.FutureTask.run(FutureTask.java:264)
	at java.base/java.util.concurrent.ThreadPoolExecutor.runWorker(ThreadPoolExecutor.java:1130)
	at java.base/java.util.concurrent.ThreadPoolExecutor$Worker.run(ThreadPoolExecutor.java:630)
	at java.base/java.lang.Thread.run(Thread.java:831)

Mar 12, 2024 11:56:59 AM org.openqa.selenium.devtools.CdpVersionFinder findNearestMatch
WARNING: Unable to find an exact match for CDP version 122, so returning the closest version found: a no-op implementation
Mar 12, 2024 11:56:59 AM org.openqa.selenium.devtools.CdpVersionFinder findNearestMatch
INFO: Unable to find CDP implementation matching 122.
Mar 12, 2024 11:57:00 AM org.openqa.selenium.chromium.ChromiumDriver lambda$new$0
WARNING: Unable to find version of CDP to use for . You may need to include a dependency on a specific version of the CDP using something similar to `org.seleniumhq.selenium:selenium-devtools-v86:4.0.0-alpha-7` where the version ("v86") matches the version of the chromium-based browser you're using and the version number of the artifact is the same as Selenium's.
]]></system-err>
  </testcase>
  <testcase name="runScenario[&quot;Add customer with all fields&quot;, &quot;Optional[Add a new Customer with Save and Add New Customer functionality]&quot;](1)" classname="com.test.channelplay.ReRunCucumberTest" time="3.906">
    <failure message="Cannot invoke &quot;String.equals(Object)&quot; because the return value of &quot;java.lang.System.getProperty(String)&quot; is null" type="java.lang.NullPointerException"><![CDATA[java.lang.NullPointerException: Cannot invoke "String.equals(Object)" because the return value of "java.lang.System.getProperty(String)" is null
]]></failure>
    <system-out><![CDATA[
@AUT10 @Scenario1
Scenario: Add customer with all fields                                 # src/test/resources/com/test/channelplay/feature/CustomerTrans_AUT10&7.feature:10
Getting the Driver information
  Given after login to crm user will be on the Customer page under CRM # com.test.channelplay.stepDefinition.CustomerTransStepsProd.afterLoginToCrmUserWillBeOnTheCustomerPageUnderCRM()
      java.lang.NullPointerException: Cannot invoke "String.equals(Object)" because the return value of "java.lang.System.getProperty(String)" is null
	at com.test.channelplay.utils.GetProperty.getValueForEnv(GetProperty.java:32)
	at com.test.channelplay.utils.GetProperty.value(GetProperty.java:20)
	at com.test.channelplay.stepDefinition.CustomerTransStepsProd.afterLoginToCrmUserWillBeOnTheCustomerPageUnderCRM(CustomerTransStepsProd.java:28)
	at âœ½.after login to crm user will be on the Customer page under CRM(file:///C:/Users/MD%20Taufik/Documents/GitHub/ProdAsstiveAutomationPortal/src/test/resources/com/test/channelplay/feature/CustomerTrans_AUT10&7.feature:6)

  And user select CRM and Click on Customer                            # com.test.channelplay.stepDefinition.CustomerTransStepsProd.userSelectCRMAndClickOnCustomer()
  When User Click on Add button                                        # com.test.channelplay.stepDefinition.CustomerTransStepsProd.userClickOnAddButton()
  And user Enter Customer Name                                         # com.test.channelplay.stepDefinition.CustomerTransStepsProd.userEnterCustomerName()
  And user select CustomerType dropdown and click first option         # com.test.channelplay.stepDefinition.CustomerTransStepsProd.userSelectCustomerTypeDropdownAndClickFirstOption()
  And user enter address                                               # com.test.channelplay.stepDefinition.CustomerTransStepsProd.userEnterAddress()
  And user select Country                                              # com.test.channelplay.stepDefinition.CustomerTransStepsProd.userSelectCountry()
  And user select State                                                # com.test.channelplay.stepDefinition.CustomerTransStepsProd.userSelectState()
  And user select City                                                 # com.test.channelplay.stepDefinition.CustomerTransStepsProd.userSelectCity()
  And user upload photo                                                # com.test.channelplay.stepDefinition.CustomerTransStepsProd.userUploadPhoto()
  And user enter phone number                                          # com.test.channelplay.stepDefinition.CustomerTransStepsProd.userEnterPhoneNumber()
  And user select timezone dropdown and click on first option          # com.test.channelplay.stepDefinition.CustomerTransStepsProd.userSelectTimezoneDropdownAndClickOnFirstOption()
  And user click calender button and click select current date         # com.test.channelplay.stepDefinition.CustomerTransStepsProd.userClickCalenderButtonAndClickSelectCurrentDate()
  And user enter email                                                 # com.test.channelplay.stepDefinition.CustomerTransStepsProd.userEnterEmail()
  And user upload document docs,pdf,ppt.xlsx                           # com.test.channelplay.stepDefinition.CustomerTransStepsProd.userUploadDocumentDocsPdfPptXlsx()
  And user upload video mpfour,mpg                                     # com.test.channelplay.stepDefinition.CustomerTransStepsProd.userUploadVideoMpfourMpg()
  And user select select gender and click first option                 # com.test.channelplay.stepDefinition.CustomerTransStepsProd.userSelectSelectGenderAndClickFirstOption()
  And user click save button                                           # com.test.channelplay.stepDefinition.CustomerTransStepsProd.userClickSaveButton()
  Then customer will added successfully with active status             # com.test.channelplay.stepDefinition.CustomerTransStepsProd.customerWillAddedSuccessfullyWithActiveStatus()

    Embedding Screenshot [image/png 8145 bytes]


    Test page: data:,


    Test Browser: chrome

]]></system-out>
    <system-err><![CDATA[┌───────────────────────────────────────────────────────────────────────────────────┐
│ Share your Cucumber Report with your team at https://reports.cucumber.io          │
│ Activate publishing with one of the following:                                    │
│                                                                                   │
│ src/test/resources/cucumber.properties:          cucumber.publish.enabled=true    │
│ src/test/resources/junit-platform.properties:    cucumber.publish.enabled=true    │
│ Environment variable:                            CUCUMBER_PUBLISH_ENABLED=true    │
│ JUnit:                                           @CucumberOptions(publish = true) │
│                                                                                   │
│ More information at https://reports.cucumber.io/docs/cucumber-jvm                 │
│                                                                                   │
│ Disable this message with one of the following:                                   │
│                                                                                   │
│ src/test/resources/cucumber.properties:          cucumber.publish.quiet=true      │
│ src/test/resources/junit-platform.properties:    cucumber.publish.quiet=true      │
└───────────────────────────────────────────────────────────────────────────────────┘
Starting ChromeDriver 122.0.6261.111 (9d4c1072da62b411b351a38b9ed6214ab236aa7b-refs/branch-heads/6261@{#1015}) on port 46853
Only local connections are allowed.
Please see https://chromedriver.chromium.org/security-considerations for suggestions on keeping ChromeDriver safe.
ChromeDriver was started successfully.
Mar 12, 2024 11:57:07 AM org.openqa.selenium.remote.ProtocolHandshake createSession
INFO: Detected dialect: W3C
Mar 12, 2024 11:57:07 AM org.openqa.selenium.remote.http.WebSocket$Listener onError
WARNING: Invalid Status code=403 text=Forbidden
java.io.IOException: Invalid Status code=403 text=Forbidden
	at org.asynchttpclient.netty.handler.WebSocketHandler.abort(WebSocketHandler.java:92)
	at org.asynchttpclient.netty.handler.WebSocketHandler.handleRead(WebSocketHandler.java:118)
	at org.asynchttpclient.netty.handler.AsyncHttpClientHandler.channelRead(AsyncHttpClientHandler.java:78)
	at io.netty.channel.AbstractChannelHandlerContext.invokeChannelRead(AbstractChannelHandlerContext.java:379)
	at io.netty.channel.AbstractChannelHandlerContext.invokeChannelRead(AbstractChannelHandlerContext.java:365)
	at io.netty.channel.AbstractChannelHandlerContext.fireChannelRead(AbstractChannelHandlerContext.java:357)
	at io.netty.channel.CombinedChannelDuplexHandler$DelegatingChannelHandlerContext.fireChannelRead(CombinedChannelDuplexHandler.java:436)
	at io.netty.handler.codec.ByteToMessageDecoder.fireChannelRead(ByteToMessageDecoder.java:324)
	at io.netty.handler.codec.ByteToMessageDecoder.fireChannelRead(ByteToMessageDecoder.java:311)
	at io.netty.handler.codec.ByteToMessageDecoder.callDecode(ByteToMessageDecoder.java:425)
	at io.netty.handler.codec.ByteToMessageDecoder.channelRead(ByteToMessageDecoder.java:276)
	at io.netty.channel.CombinedChannelDuplexHandler.channelRead(CombinedChannelDuplexHandler.java:251)
	at io.netty.channel.AbstractChannelHandlerContext.invokeChannelRead(AbstractChannelHandlerContext.java:379)
	at io.netty.channel.AbstractChannelHandlerContext.invokeChannelRead(AbstractChannelHandlerContext.java:365)
	at io.netty.channel.AbstractChannelHandlerContext.fireChannelRead(AbstractChannelHandlerContext.java:357)
	at io.netty.channel.DefaultChannelPipeline$HeadContext.channelRead(DefaultChannelPipeline.java:1410)
	at io.netty.channel.AbstractChannelHandlerContext.invokeChannelRead(AbstractChannelHandlerContext.java:379)
	at io.netty.channel.AbstractChannelHandlerContext.invokeChannelRead(AbstractChannelHandlerContext.java:365)
	at io.netty.channel.DefaultChannelPipeline.fireChannelRead(DefaultChannelPipeline.java:919)
	at io.netty.channel.nio.AbstractNioByteChannel$NioByteUnsafe.read(AbstractNioByteChannel.java:166)
	at io.netty.channel.nio.NioEventLoop.processSelectedKey(NioEventLoop.java:714)
	at io.netty.channel.nio.NioEventLoop.processSelectedKeysOptimized(NioEventLoop.java:650)
	at io.netty.channel.nio.NioEventLoop.processSelectedKeys(NioEventLoop.java:576)
	at io.netty.channel.nio.NioEventLoop.run(NioEventLoop.java:493)
	at io.netty.util.concurrent.SingleThreadEventExecutor$4.run(SingleThreadEventExecutor.java:989)
	at io.netty.util.internal.ThreadExecutorMap$2.run(ThreadExecutorMap.java:74)
	at io.netty.util.concurrent.FastThreadLocalRunnable.run(FastThreadLocalRunnable.java:30)
	at java.base/java.lang.Thread.run(Thread.java:831)

Mar 12, 2024 11:57:07 AM org.openqa.selenium.chromium.ChromiumDevToolsLocator getChromeConnector
WARNING: Unable to create CDP connection
org.openqa.selenium.remote.http.ConnectionFailedException: Unable to establish websocket connection to http://localhost:60022/devtools/browser/4cd5a88f-4fc9-4c7b-98eb-f6556d3a6a00
Build info: version: '4.0.0-alpha-7', revision: 'de8579b6d5'
System info: host: 'DESKTOP-3591MT1', ip: '192.168.101.5', os.name: 'Windows 10', os.arch: 'amd64', os.version: '10.0', java.version: '16.0.2'
Driver info: driver.version: ChromeDriver
	at org.openqa.selenium.remote.http.netty.NettyWebSocket.<init>(NettyWebSocket.java:98)
	at org.openqa.selenium.remote.http.netty.NettyWebSocket.lambda$create$3(NettyWebSocket.java:126)
	at org.openqa.selenium.remote.http.netty.NettyClient.openSocket(NettyClient.java:68)
	at org.openqa.selenium.devtools.Connection.<init>(Connection.java:69)
	at org.openqa.selenium.chromium.ChromiumDevToolsLocator.lambda$getChromeConnector$1(ChromiumDevToolsLocator.java:115)
	at java.base/java.util.Optional.map(Optional.java:260)
	at org.openqa.selenium.chromium.ChromiumDevToolsLocator.getChromeConnector(ChromiumDevToolsLocator.java:113)
	at org.openqa.selenium.chromium.ChromiumDriver.<init>(ChromiumDriver.java:100)
	at org.openqa.selenium.chrome.ChromeDriver.<init>(ChromeDriver.java:163)
	at org.openqa.selenium.chrome.ChromeDriver.<init>(ChromeDriver.java:150)
	at org.openqa.selenium.chrome.ChromeDriver.<init>(ChromeDriver.java:139)
	at com.test.channelplay.utils.DriverBase.initialize(DriverBase.java:34)
	at com.test.channelplay.stepDefinition.Hooks.driverSetup(Hooks.java:23)
	at java.base/jdk.internal.reflect.NativeMethodAccessorImpl.invoke0(Native Method)
	at java.base/jdk.internal.reflect.NativeMethodAccessorImpl.invoke(NativeMethodAccessorImpl.java:78)
	at java.base/jdk.internal.reflect.DelegatingMethodAccessorImpl.invoke(DelegatingMethodAccessorImpl.java:43)
	at java.base/java.lang.reflect.Method.invoke(Method.java:567)
	at io.cucumber.java.Invoker.doInvoke(Invoker.java:66)
	at io.cucumber.java.Invoker.invoke(Invoker.java:24)
	at io.cucumber.java.AbstractGlueDefinition.invokeMethod(AbstractGlueDefinition.java:47)
	at io.cucumber.java.JavaHookDefinition.execute(JavaHookDefinition.java:59)
	at io.cucumber.core.runner.CoreHookDefinition.execute(CoreHookDefinition.java:46)
	at io.cucumber.core.runner.HookDefinitionMatch.runStep(HookDefinitionMatch.java:21)
	at io.cucumber.core.runner.ExecutionMode$1.execute(ExecutionMode.java:10)
	at io.cucumber.core.runner.TestStep.executeStep(TestStep.java:92)
	at io.cucumber.core.runner.TestStep.run(TestStep.java:64)
	at io.cucumber.core.runner.TestCase.run(TestCase.java:98)
	at io.cucumber.core.runner.Runner.runPickle(Runner.java:71)
	at io.cucumber.testng.TestNGCucumberRunner.lambda$runScenario$0(TestNGCucumberRunner.java:116)
	at io.cucumber.core.runtime.CucumberExecutionContext.runTestCase(CucumberExecutionContext.java:117)
	at io.cucumber.testng.TestNGCucumberRunner.runScenario(TestNGCucumberRunner.java:113)
	at io.cucumber.testng.AbstractTestNGCucumberTests.runScenario(AbstractTestNGCucumberTests.java:31)
	at java.base/jdk.internal.reflect.NativeMethodAccessorImpl.invoke0(Native Method)
	at java.base/jdk.internal.reflect.NativeMethodAccessorImpl.invoke(NativeMethodAccessorImpl.java:78)
	at java.base/jdk.internal.reflect.DelegatingMethodAccessorImpl.invoke(DelegatingMethodAccessorImpl.java:43)
	at java.base/java.lang.reflect.Method.invoke(Method.java:567)
	at org.testng.internal.MethodInvocationHelper.invokeMethod(MethodInvocationHelper.java:132)
	at org.testng.internal.TestInvoker.invokeMethod(TestInvoker.java:599)
	at org.testng.internal.TestInvoker.invokeTestMethod(TestInvoker.java:174)
	at org.testng.internal.MethodRunner.runInSequence(MethodRunner.java:46)
	at org.testng.internal.TestInvoker$MethodInvocationAgent.invoke(TestInvoker.java:822)
	at org.testng.internal.TestInvoker.invokeTestMethods(TestInvoker.java:147)
	at org.testng.internal.TestMethodWorker.invokeTestMethods(TestMethodWorker.java:146)
	at org.testng.internal.TestMethodWorker.run(TestMethodWorker.java:128)
	at java.base/java.util.concurrent.ThreadPoolExecutor.runWorker(ThreadPoolExecutor.java:1130)
	at java.base/java.util.concurrent.ThreadPoolExecutor$Worker.run(ThreadPoolExecutor.java:630)
	at java.base/java.lang.Thread.run(Thread.java:831)

Mar 12, 2024 11:57:07 AM org.openqa.selenium.devtools.CdpVersionFinder findNearestMatch
WARNING: Unable to find an exact match for CDP version 122, so returning the closest version found: a no-op implementation
Mar 12, 2024 11:57:07 AM org.openqa.selenium.devtools.CdpVersionFinder findNearestMatch
INFO: Unable to find CDP implementation matching 122.
Mar 12, 2024 11:57:07 AM org.openqa.selenium.chromium.ChromiumDriver lambda$new$0
WARNING: Unable to find version of CDP to use for . You may need to include a dependency on a specific version of the CDP using something similar to `org.seleniumhq.selenium:selenium-devtools-v86:4.0.0-alpha-7` where the version ("v86") matches the version of the chromium-based browser you're using and the version number of the artifact is the same as Selenium's.
]]></system-err>
  </testcase>
</testsuite>