<?xml version="1.0" encoding="UTF-8"?>
<!-- Generated by org.testng.reporters.JUnitReportReporter -->
<testsuite hostname="DESKTOP-3591MT1" failures="0" tests="1" name="com.test.channelplay.ReRunCucumberTest" time="3.861" errors="1" timestamp="2024-03-12T11:57:09 IST" skipped="0">
  <testcase classname="com.test.channelplay.ReRunCucumberTest" name="runScenario" time="3.861">
    <error message="Cannot invoke &quot;String.equals(Object)&quot; because the return value of &quot;java.lang.System.getProperty(String)&quot; is null" type="java.lang.NullPointerException">
      <![CDATA[java.lang.NullPointerException: Cannot invoke "String.equals(Object)" because the return value of "java.lang.System.getProperty(String)" is null
at com.test.channelplay.utils.GetProperty.getValueForEnv(GetProperty.java:32)
at com.test.channelplay.utils.GetProperty.value(GetProperty.java:20)
at com.test.channelplay.stepDefinition.CustomerTransStepsProd.afterLoginToCrmUserWillBeOnTheCustomerPageUnderCRM(CustomerTransStepsProd.java:28)
at ✽.after login to crm user will be on the Customer page under CRM(file:///C:/Users/MD%20Taufik/Documents/GitHub/ProdAsstiveAutomationPortal/src/test/resources/com/test/channelplay/feature/CustomerTrans_AUT10&7.feature:6)
]]>
    </error>
  </testcase> <!-- runScenario -->
  <system-out/>
</testsuite> <!-- com.test.channelplay.ReRunCucumberTest -->
